app/build/outputs/logs/manifest-merger-release-report.txt
-- Merging decision tree log ---
manifest
ADDED from src\main\AndroidManifest.xml:2:1-71:12
INJECTED from src\main\AndroidManifest.xml:2:1-71:12
INJECTED from src\main\AndroidManifest.xml:2:1-71:12
INJECTED from src\main\AndroidManifest.xml:2:1-71:12
MERGED from [com.android.support:support-core-utils:27.1.0] AndroidManifest.xml:17:1-22:12
MERGED from [com.android.support:support-compat:27.1.0] AndroidManifest.xml:17:1-22:12
MERGED from [android.arch.lifecycle:runtime:1.1.0] AndroidManifest.xml:17:1-22:12
INJECTED from src\main\AndroidManifest.xml:2:1-71:12
INJECTED from src\main\AndroidManifest.xml:2:1-71:12
INJECTED from src\main\AndroidManifest.xml:2:1-71:12
	package
		ADDED from src\main\AndroidManifest.xml:4:5-33
		INJECTED from src\main\AndroidManifest.xml
		INJECTED from src\main\AndroidManifest.xml
	android:versionName
		ADDED from src\main\AndroidManifest.xml:6:5-35
		INJECTED from src\main\AndroidManifest.xml
		INJECTED from src\main\AndroidManifest.xml
	xmlns:tools
		ADDED from src\main\AndroidManifest.xml:3:5-51
	xmlns:android
		ADDED from src\main\AndroidManifest.xml:2:11-69
	android:versionCode
		ADDED from src\main\AndroidManifest.xml:5:5-29
		INJECTED from src\main\AndroidManifest.xml
		INJECTED from src\main\AndroidManifest.xml
uses-permission#android.permission.ACCESS_NETWORK_STATE
ADDED from src\main\AndroidManifest.xml:8:5-79
	android:name
		ADDED from src\main\AndroidManifest.xml:8:22-76
uses-permission#android.permission.INTERNET
ADDED from src\main\AndroidManifest.xml:9:5-67
	android:name
		ADDED from src\main\AndroidManifest.xml:9:22-64
uses-permission#android.permission.RECEIVE_BOOT_COMPLETED
ADDED from src\main\AndroidManifest.xml:10:5-81
	android:name
		ADDED from src\main\AndroidManifest.xml:10:22-78
uses-permission#com.android.vending.BILLING
ADDED from src\main\AndroidManifest.xml:11:5-67
	android:name
		ADDED from src\main\AndroidManifest.xml:11:22-64
application
ADDED from src\main\AndroidManifest.xml:13:5-70:19
	android:supportsRtl
		ADDED from src\main\AndroidManifest.xml:21:9-36
	android:label
		ADDED from src\main\AndroidManifest.xml:19:9-41
	android:allowClearUserData
		ADDED from src\main\AndroidManifest.xml:16:9-42
	android:hardwareAccelerated
		ADDED from src\main\AndroidManifest.xml:17:9-44
	android:fullBackupContent
		ADDED from src\main\AndroidManifest.xml:15:9-41
	android:resizeableActivity
		ADDED from src\main\AndroidManifest.xml:22:9-42
	tools:ignore
		ADDED from src\main\AndroidManifest.xml:24:9-48
	android:largeHeap
		ADDED from src\main\AndroidManifest.xml:23:9-33
	android:icon
		ADDED from src\main\AndroidManifest.xml:18:9-45
	android:allowBackup
		ADDED from src\main\AndroidManifest.xml:14:9-35
	android:theme
		ADDED from src\main\AndroidManifest.xml:20:9-40
meta-data#android.max_aspect
ADDED from src\main\AndroidManifest.xml:25:9-76
	android:value
		ADDED from src\main\AndroidManifest.xml:25:54-73
	android:name
		ADDED from src\main\AndroidManifest.xml:25:20-53
activity#com.n1kdo.lotwlook.MainActivity
ADDED from src\main\AndroidManifest.xml:26:9-34:20
	android:label
		ADDED from src\main\AndroidManifest.xml:28:13-45
	android:theme
		ADDED from src\main\AndroidManifest.xml:29:13-48
	android:name
		ADDED from src\main\AndroidManifest.xml:27:13-59
intent-filter#action:name:android.intent.action.MAIN+category:name:android.intent.category.LAUNCHER
ADDED from src\main\AndroidManifest.xml:30:13-33:29
action#android.intent.action.MAIN
ADDED from src\main\AndroidManifest.xml:31:17-69
	android:name
		ADDED from src\main\AndroidManifest.xml:31:25-66
category#android.intent.category.LAUNCHER
ADDED from src\main\AndroidManifest.xml:32:17-77
	android:name
		ADDED from src\main\AndroidManifest.xml:32:27-74
activity#com.n1kdo.lotwlook.PreferencesActivity
ADDED from src\main\AndroidManifest.xml:35:9-42:20
	android:parentActivityName
		ADDED from src\main\AndroidManifest.xml:38:13-73
	android:label
		ADDED from src\main\AndroidManifest.xml:37:13-60
	android:name
		ADDED from src\main\AndroidManifest.xml:36:13-66
meta-data#android.support.PARENT_ACTIVITY
ADDED from src\main\AndroidManifest.xml:39:13-41:67
	android:value
		ADDED from src\main\AndroidManifest.xml:41:17-64
	android:name
		ADDED from src\main\AndroidManifest.xml:40:17-63
activity#com.n1kdo.lotwlook.BuyPizzaActivity
ADDED from src\main\AndroidManifest.xml:43:9-47:20
	android:parentActivityName
		ADDED from src\main\AndroidManifest.xml:46:13-73
	android:label
		ADDED from src\main\AndroidManifest.xml:45:13-53
	android:name
		ADDED from src\main\AndroidManifest.xml:44:13-63
activity#com.n1kdo.lotwlook.SearchActivity
ADDED from src\main\AndroidManifest.xml:48:9-52:20
	android:parentActivityName
		ADDED from src\main\AndroidManifest.xml:51:13-73
	android:label
		ADDED from src\main\AndroidManifest.xml:50:13-50
	android:name
		ADDED from src\main\AndroidManifest.xml:49:13-61
activity#com.n1kdo.lotwlook.SearchResultsActivity
ADDED from src\main\AndroidManifest.xml:53:9-57:20
	android:parentActivityName
		ADDED from src\main\AndroidManifest.xml:56:13-75
	android:label
		ADDED from src\main\AndroidManifest.xml:55:13-50
	android:name
		ADDED from src\main\AndroidManifest.xml:54:13-68
activity#com.n1kdo.lotwlook.ShowQslDetailsActivity
ADDED from src\main\AndroidManifest.xml:58:9-62:20
	android:parentActivityName
		ADDED from src\main\AndroidManifest.xml:61:13-73
	android:label
		ADDED from src\main\AndroidManifest.xml:60:13-49
	android:name
		ADDED from src\main\AndroidManifest.xml:59:13-69
service#com.n1kdo.lotwlook.LotwAdifIntentService
ADDED from src\main\AndroidManifest.xml:63:9-65:40
	android:exported
		ADDED from src\main\AndroidManifest.xml:65:13-37
	android:name
		ADDED from src\main\AndroidManifest.xml:64:13-68
service#com.n1kdo.lotwlook.LotwAdifJobService
ADDED from src\main\AndroidManifest.xml:66:9-69:38
	android:exported
		ADDED from src\main\AndroidManifest.xml:69:13-36
	android:permission
		ADDED from src\main\AndroidManifest.xml:68:13-69
	android:name
		ADDED from src\main\AndroidManifest.xml:67:13-65
uses-sdk
INJECTED from src\main\AndroidManifest.xml reason: use-sdk injection requested
INJECTED from src\main\AndroidManifest.xml
INJECTED from src\main\AndroidManifest.xml
MERGED from [com.android.support:support-core-utils:27.1.0] AndroidManifest.xml:20:5-44
MERGED from [com.android.support:support-core-utils:27.1.0] AndroidManifest.xml:20:5-44
MERGED from [com.android.support:support-compat:27.1.0] AndroidManifest.xml:20:5-44
MERGED from [com.android.support:support-compat:27.1.0] AndroidManifest.xml:20:5-44
MERGED from [android.arch.lifecycle:runtime:1.1.0] AndroidManifest.xml:20:5-44
MERGED from [android.arch.lifecycle:runtime:1.1.0] AndroidManifest.xml:20:5-44
INJECTED from src\main\AndroidManifest.xml
INJECTED from src\main\AndroidManifest.xml
	android:targetSdkVersion
		INJECTED from src\main\AndroidManifest.xml
		ADDED from src\main\AndroidManifest.xml
		INJECTED from src\main\AndroidManifest.xml
	android:minSdkVersion
		INJECTED from src\main\AndroidManifest.xml
		ADDED from src\main\AndroidManifest.xml
		INJECTED from src\main\AndroidManifest.xml